#
# There is insufficient memory for the Java Runtime Environment to continue.
# Native memory allocation (mmap) failed to map 264241152 bytes for G1 virtual space
# Possible reasons:
#   The system is out of physical RAM or swap space
#   The process is running with CompressedOops enabled, and the Java Heap may be blocking the growth of the native heap
# Possible solutions:
#   Reduce memory load on the system
#   Increase physical memory or swap space
#   Check if swap backing store is full
#   Decrease Java heap size (-Xmx/-Xms)
#   Decrease number of Java threads
#   Decrease Java thread stack sizes (-Xss)
#   Set larger code cache with -XX:ReservedCodeCacheSize=
#   JVM is running with Zero Based Compressed Oops mode in which the Java heap is
#     placed in the first 32GB address space. The Java Heap base address is the
#     maximum limit for the native heap growth. Please use -XX:HeapBaseMinAddress
#     to set the Java Heap base and to place the Java Heap above 32GB virtual address.
# This output file may be truncated or incomplete.
#
#  Out of Memory Error (os_windows.cpp:3532), pid=13904, tid=17952
#
# JRE version:  (17.0.2+8) (build )
# Java VM: Java HotSpot(TM) 64-Bit Server VM (17.0.2+8-LTS-86, mixed mode, sharing, tiered, compressed oops, compressed class ptrs, g1 gc, windows-amd64)
# No core dump will be written. Minidumps are not enabled by default on client versions of Windows
#

---------------  S U M M A R Y ------------

Command Line: -Dfile.encoding=UTF-8 --module-path=C:\Users\kumar\OneDrive\Documents\NetBeansProjects\bankmanagementsystem\build\classes bankmanagementsystem.SignupOne

Host: 12th Gen Intel(R) Core(TM) i5-1235U, 12 cores, 15G,  Windows 11 , 64 bit Build 22621 (10.0.22621.1778)
Time: Wed Jul 12 09:35:18 2023 India Standard Time elapsed time: 0.052081 seconds (0d 0h 0m 0s)

---------------  T H R E A D  ---------------

Current thread (0x00000169b1af8990):  JavaThread "Unknown thread" [_thread_in_vm, id=17952, stack(0x00000063cc200000,0x00000063cc300000)]

Stack: [0x00000063cc200000,0x00000063cc300000]
Native frames: (J=compiled Java code, j=interpreted, Vv=VM code, C=native code)
V  [jvm.dll+0x670baa]
V  [jvm.dll+0x7cfcb4]
V  [jvm.dll+0x7d145e]
V  [jvm.dll+0x7d1ac3]
V  [jvm.dll+0x242bc5]
V  [jvm.dll+0x66dac9]
V  [jvm.dll+0x662412]
V  [jvm.dll+0x300c0b]
V  [jvm.dll+0x3081a6]
V  [jvm.dll+0x357d0e]
V  [jvm.dll+0x357f3f]
V  [jvm.dll+0x2d7ec8]
V  [jvm.dll+0x2d8e34]
V  [jvm.dll+0x7a18c1]
V  [jvm.dll+0x365a91]
V  [jvm.dll+0x780d2c]
V  [jvm.dll+0x3e845f]
V  [jvm.dll+0x3e9f01]
C  [jli.dll+0x527b]
C  [ucrtbase.dll+0x29363]
C  [KERNEL32.DLL+0x126ad]
C  [ntdll.dll+0x5a9f8]


---------------  P R O C E S S  ---------------

Threads class SMR info:
_java_thread_list=0x00007ff917939858, length=0, elements={
}

Java Threads: ( => current thread )

Other Threads:
  0x00000169b1b49e30 GCTaskThread "GC Thread#0" [stack: 0x00000063cc300000,0x00000063cc400000] [id=18524]
  0x00000169b1b98010 ConcurrentGCThread "G1 Main Marker" [stack: 0x00000063cc400000,0x00000063cc500000] [id=232]
  0x00000169b1b9a070 ConcurrentGCThread "G1 Conc#0" [stack: 0x00000063cc500000,0x00000063cc600000] [id=19060]

[error occurred during error reporting (printing all threads), id 0xc0000005, EXCEPTION_ACCESS_VIOLATION (0xc0000005) at pc=0x00007ff9171888a7]

VM state: not at safepoint (not fully initialized)

VM Mutex/Monitor currently owned by a thread:  ([mutex/lock_event])
[0x00000169b1af4350] Heap_lock - owner thread: 0x00000169b1af8990

Heap address: 0x0000000705200000, size: 4014 MB, Compressed Oops mode: Zero based, Oop shift amount: 3

CDS archive(s) mapped at: [0x0000000000000000-0x0000000000000000-0x0000000000000000), size 0, SharedBaseAddress: 0x0000000800000000, ArchiveRelocationMode: 0.
Narrow klass base: 0x0000000000000000, Narrow klass shift: 0, Narrow klass range: 0x0

GC Precious Log:
<Empty>

Heap:
 garbage-first heap   total 0K, used 0K [0x0000000705200000, 0x0000000800000000)
  region size 2048K, 0 young (0K), 0 survivors (0K)

[error occurred during error reporting (printing heap information), id 0xc0000005, EXCEPTION_ACCESS_VIOLATION (0xc0000005) at pc=0x00007ff917569f19]

GC Heap History (0 events):
No events

Deoptimization events (0 events):
No events

Classes unloaded (0 events):
No events

Classes redefined (0 events):
No events

Internal exceptions (0 events):
No events

VM Operations (0 events):
No events

Events (1 events):
Event: 0.008 Loaded shared library C:\Program Files\Java\jdk-17.0.2\bin\java.dll


Dynamic libraries:
0x00007ff682180000 - 0x00007ff682190000 	C:\Program Files\Java\jdk-17.0.2\bin\java.exe
0x00007ff997790000 - 0x00007ff9979a4000 	C:\windows\SYSTEM32\ntdll.dll
0x00007ff9960c0000 - 0x00007ff996182000 	C:\windows\System32\KERNEL32.DLL
0x00007ff994fe0000 - 0x00007ff995383000 	C:\windows\System32\KERNELBASE.dll
0x00007ff994c10000 - 0x00007ff994d21000 	C:\windows\System32\ucrtbase.dll
0x00007ff9845c0000 - 0x00007ff9845da000 	C:\Program Files\Java\jdk-17.0.2\bin\VCRUNTIME140.dll
0x00007ff9846d0000 - 0x00007ff9846e8000 	C:\Program Files\Java\jdk-17.0.2\bin\jli.dll
0x00007ff997200000 - 0x00007ff9972ae000 	C:\windows\System32\ADVAPI32.dll
0x00007ff9965a0000 - 0x00007ff996647000 	C:\windows\System32\msvcrt.dll
0x00007ff9957c0000 - 0x00007ff995864000 	C:\windows\System32\sechost.dll
0x00007ff9963a0000 - 0x00007ff9964b7000 	C:\windows\System32\RPCRT4.dll
0x00007ff9961f0000 - 0x00007ff99639b000 	C:\windows\System32\USER32.dll
0x00007ff994f10000 - 0x00007ff994f36000 	C:\windows\System32\win32u.dll
0x00007ff995710000 - 0x00007ff995739000 	C:\windows\System32\GDI32.dll
0x00007ff9723f0000 - 0x00007ff97267e000 	C:\windows\WinSxS\amd64_microsoft.windows.common-controls_6595b64144ccf1df_6.0.22621.1635_none_270f70857386168e\COMCTL32.dll
0x00007ff995450000 - 0x00007ff995569000 	C:\windows\System32\gdi32full.dll
0x00007ff994f40000 - 0x00007ff994fda000 	C:\windows\System32\msvcp_win.dll
0x00007ff98d790000 - 0x00007ff98d79a000 	C:\windows\SYSTEM32\VERSION.dll
0x00007ff995f50000 - 0x00007ff995f81000 	C:\windows\System32\IMM32.DLL
0x00007ff984750000 - 0x00007ff98475c000 	C:\Program Files\Java\jdk-17.0.2\bin\vcruntime140_1.dll
0x00007ff9679d0000 - 0x00007ff967a5d000 	C:\Program Files\Java\jdk-17.0.2\bin\msvcp140.dll
0x00007ff916ea0000 - 0x00007ff917a61000 	C:\Program Files\Java\jdk-17.0.2\bin\server\jvm.dll
0x00007ff9966b0000 - 0x00007ff9966b8000 	C:\windows\System32\PSAPI.DLL
0x00007ff98e3f0000 - 0x00007ff98e424000 	C:\windows\SYSTEM32\WINMM.dll
0x00007ff97a4a0000 - 0x00007ff97a4a9000 	C:\windows\SYSTEM32\WSOCK32.dll
0x00007ff995740000 - 0x00007ff9957b1000 	C:\windows\System32\WS2_32.dll
0x00007ff993ba0000 - 0x00007ff993bb8000 	C:\windows\SYSTEM32\kernel.appcore.dll
0x00007ff9845b0000 - 0x00007ff9845ba000 	C:\Program Files\Java\jdk-17.0.2\bin\jimage.dll
0x00007ff992780000 - 0x00007ff9929ae000 	C:\windows\SYSTEM32\DBGHELP.DLL
0x00007ff997360000 - 0x00007ff9976e9000 	C:\windows\System32\combase.dll
0x00007ff9964c0000 - 0x00007ff996597000 	C:\windows\System32\OLEAUT32.dll
0x00007ff983d50000 - 0x00007ff983d82000 	C:\windows\SYSTEM32\dbgcore.DLL
0x00007ff994b90000 - 0x00007ff994c0b000 	C:\windows\System32\bcryptPrimitives.dll
0x00007ff983030000 - 0x00007ff983055000 	C:\Program Files\Java\jdk-17.0.2\bin\java.dll

dbghelp: loaded successfully - version: 4.0.5 - missing functions: none
symbol engine: initialized successfully - sym options: 0x614 - pdb path: .;C:\Program Files\Java\jdk-17.0.2\bin;C:\windows\SYSTEM32;C:\windows\WinSxS\amd64_microsoft.windows.common-controls_6595b64144ccf1df_6.0.22621.1635_none_270f70857386168e;C:\Program Files\Java\jdk-17.0.2\bin\server

VM Arguments:
jvm_args: -Dfile.encoding=UTF-8 --module-path=C:\Users\kumar\OneDrive\Documents\NetBeansProjects\bankmanagementsystem\build\classes 
java_command: bankmanagementsystem.SignupOne
java_class_path (initial): C:\Users\kumar\Downloads\jcalendar-tz-1.3.3-4.jar;C:\Users\kumar\OneDrive\Documents\NetBeansProjects\bankmanagementsystem\build\classes
Launcher Type: SUN_STANDARD

[Global flags]
     intx CICompilerCount                          = 4                                         {product} {ergonomic}
     uint ConcGCThreads                            = 3                                         {product} {ergonomic}
     uint G1ConcRefinementThreads                  = 10                                        {product} {ergonomic}
   size_t G1HeapRegionSize                         = 2097152                                   {product} {ergonomic}
    uintx GCDrainStackTargetSize                   = 64                                        {product} {ergonomic}
   size_t InitialHeapSize                          = 264241152                                 {product} {ergonomic}
   size_t MarkStackSize                            = 4194304                                   {product} {ergonomic}
   size_t MaxHeapSize                              = 4208984064                                {product} {ergonomic}
   size_t MinHeapDeltaBytes                        = 2097152                                   {product} {ergonomic}
   size_t MinHeapSize                              = 8388608                                   {product} {ergonomic}
    uintx NonNMethodCodeHeapSize                   = 5839372                                {pd product} {ergonomic}
    uintx NonProfiledCodeHeapSize                  = 122909434                              {pd product} {ergonomic}
    uintx ProfiledCodeHeapSize                     = 122909434                              {pd product} {ergonomic}
    uintx ReservedCodeCacheSize                    = 251658240                              {pd product} {ergonomic}
     bool SegmentedCodeCache                       = true                                      {product} {ergonomic}
   size_t SoftMaxHeapSize                          = 4208984064                             {manageable} {ergonomic}
     bool UseCompressedClassPointers               = true                           {product lp64_product} {ergonomic}
     bool UseCompressedOops                        = true                           {product lp64_product} {ergonomic}
     bool UseG1GC                                  = true                                      {product} {ergonomic}
     bool UseLargePagesIndividualAllocation        = false                                  {pd product} {ergonomic}

Logging:
Log output configuration:
 #0: stdout all=warning uptime,level,tags
 #1: stderr all=off uptime,level,tags

Environment Variables:
JAVA_HOME=C:\Program Files\Java\jdk-19
PATH=C:\Program Files\Common Files\Oracle\Java\javapath;C:\windows\system32;C:\windows;C:\windows\System32\Wbem;C:\windows\System32\WindowsPowerShell\v1.0\;C:\windows\System32\OpenSSH\;C:\Program Files\Java\jdk-19\bin;C:\Program Files\Git\cmd;C:\Program Files\MySQL\MySQL Shell 8.0\bin\;C:\Users\kumar\AppData\Local\Programs\Python\Python311\Scripts\;C:\Users\kumar\AppData\Local\Programs\Python\Python311\;C:\Users\kumar\AppData\Local\Microsoft\WindowsApps;C:\Users\kumar\AppData\Local\Programs\Microsoft VS Code\bin;C:\Program Files\Java\jdk-17.0.2\bin;
USERNAME=kumar
OS=Windows_NT
PROCESSOR_IDENTIFIER=Intel64 Family 6 Model 154 Stepping 4, GenuineIntel



---------------  S Y S T E M  ---------------

OS:
 Windows 11 , 64 bit Build 22621 (10.0.22621.1778)
OS uptime: 1 days 17:09 hours
Hyper-V role detected

CPU: total 12 (initial active 12) (6 cores per cpu, 2 threads per core) family 6 model 154 stepping 4 microcode 0x423, cx8, cmov, fxsr, ht, mmx, 3dnowpref, sse, sse2, sse3, ssse3, sse4.1, sse4.2, popcnt, lzcnt, tsc, tscinvbit, avx, avx2, aes, erms, clmul, bmi1, bmi2, adx, sha, fma, vzeroupper, clflush, clflushopt, clwb, hv

Memory: 4k page, system-wide physical 16052M (5873M free)
TotalPageFile size 36157M (AvailPageFile size 139M)
current process WorkingSet (physical memory assigned to process): 11M, peak: 11M
current process commit charge ("private bytes"): 64M, peak: 316M

vm_info: Java HotSpot(TM) 64-Bit Server VM (17.0.2+8-LTS-86) for windows-amd64 JRE (17.0.2+8-LTS-86), built on Dec  7 2021 21:51:03 by "mach5one" with MS VC++ 16.8 / 16.9 (VS2019)

END.
